---------------------------------------------------------------
[ 2019-03-07T21:26:10+08:00 ] 127.0.0.1 127.0.0.1 POST /admin/system/cleanCache
[ info ] wx.com/admin/system/cleanCache [运行时间：0.069099s][吞吐率：14.47req/s] [内存消耗：3,545.01kb] [文件加载：57]
[ info ] [ LANG ] /private/var/www/committee/thinkphp/lang/zh-cn.php
[ info ] [ ROUTE ] array (
  'type' => 'module',
  'module' => 
  array (
    0 => 'admin',
    1 => 'system',
    2 => 'cleanCache',
  ),
)
[ info ] [ HEADER ] array (
  'cookie' => 'PHPSESSID=730ff275e4f4d895b796e9dc6aeaf2ac; UM_distinctid=1695809ee4c46a-01d6761971d888-36667905-fa000-1695809ee4d9fb; CNZZDATA1274002528=309914806-1551960239-%7C1551960239',
  'accept-language' => 'zh-CN,zh;q=0.9',
  'accept-encoding' => 'gzip, deflate',
  'referer' => 'http://wx.com/admin/',
  'user-agent' => 'Mozilla/5.0 (Macintosh; Intel Mac OS X 10_14_3) AppleWebKit/537.36 (KHTML, like Gecko) Chrome/72.0.3626.121 Safari/537.36',
  'x-requested-with' => 'XMLHttpRequest',
  'origin' => 'http://wx.com',
  'accept' => '*/*',
  'content-length' => '0',
  'connection' => 'keep-alive',
  'host' => 'wx.com',
  'content-type' => '',
)
[ info ] [ PARAM ] array (
)
[ info ] [ SESSION ] INIT array (
  'id' => '',
  'var_session_id' => '',
  'prefix' => 'think',
  'type' => '',
  'auto_start' => true,
)
[ info ] [ DB ] INIT mysql
[ info ] [ RUN ] app\admin\controller\System->cleanCache[ /private/var/www/committee/application/admin/controller/System.php ]
[ info ] [ CACHE ] INIT File
[ info ] [ LOG ] INIT File
[ sql ] [ DB ] CONNECT:[ UseTime:0.000542s ] mysql:host=127.0.0.1;port=3306;dbname=hldahui;charset=utf8
[ sql ] [ SQL ] SHOW COLUMNS FROM `md_config` [ RunTime:0.000958s ]
[ sql ] [ SQL ] SELECT `url` FROM `md_config` WHERE  `id` = 1 LIMIT 1 [ RunTime:0.000634s ]
---------------------------------------------------------------
[ 2019-03-07T21:26:12+08:00 ] 127.0.0.1 127.0.0.1 GET /admin/
[ info ] wx.com/admin/ [运行时间：0.088171s][吞吐率：11.34req/s] [内存消耗：3,701.62kb] [文件加载：58]
[ info ] [ LANG ] /private/var/www/committee/thinkphp/lang/zh-cn.php
[ info ] [ ROUTE ] array (
  'type' => 'module',
  'module' => 
  array (
    0 => 'admin',
    1 => NULL,
    2 => NULL,
  ),
)
[ info ] [ HEADER ] array (
  'cookie' => 'PHPSESSID=730ff275e4f4d895b796e9dc6aeaf2ac; UM_distinctid=1695809ee4c46a-01d6761971d888-36667905-fa000-1695809ee4d9fb; CNZZDATA1274002528=309914806-1551960239-%7C1551960239',
  'accept-language' => 'zh-CN,zh;q=0.9',
  'accept-encoding' => 'gzip, deflate',
  'accept' => 'text/html,application/xhtml+xml,application/xml;q=0.9,image/webp,image/apng,*/*;q=0.8',
  'user-agent' => 'Mozilla/5.0 (Macintosh; Intel Mac OS X 10_14_3) AppleWebKit/537.36 (KHTML, like Gecko) Chrome/72.0.3626.121 Safari/537.36',
  'upgrade-insecure-requests' => '1',
  'cache-control' => 'max-age=0',
  'connection' => 'keep-alive',
  'host' => 'wx.com',
  'content-length' => '',
  'content-type' => '',
)
[ info ] [ PARAM ] array (
)
[ info ] [ SESSION ] INIT array (
  'id' => '',
  'var_session_id' => '',
  'prefix' => 'think',
  'type' => '',
  'auto_start' => true,
)
[ info ] [ DB ] INIT mysql
[ info ] [ RUN ] app\admin\controller\Index->index[ /private/var/www/committee/application/admin/controller/Index.php ]
[ info ] [ VIEW ] /private/var/www/committee/application/admin/view/index/index.html [ array (
  0 => 'siteurl',
  1 => 'admin_info',
) ]
[ info ] [ LOG ] INIT File
[ sql ] [ DB ] CONNECT:[ UseTime:0.000543s ] mysql:host=127.0.0.1;port=3306;dbname=hldahui;charset=utf8
[ sql ] [ SQL ] SHOW COLUMNS FROM `md_config` [ RunTime:0.001488s ]
[ sql ] [ SQL ] SELECT `url` FROM `md_config` WHERE  `id` = 1 LIMIT 1 [ RunTime:0.000483s ]
[ sql ] [ SQL ] SHOW COLUMNS FROM `md_admin` [ RunTime:0.001291s ]
[ sql ] [ SQL ] SELECT * FROM `md_admin` WHERE  `admin_id` = 99 LIMIT 1 [ RunTime:0.000634s ]
---------------------------------------------------------------
[ 2019-03-07T21:26:12+08:00 ] 127.0.0.1 127.0.0.1 GET /admin/index/main
[ info ] wx.com/admin/index/main [运行时间：0.229914s][吞吐率：4.35req/s] [内存消耗：3,629.02kb] [文件加载：57]
[ info ] [ LANG ] /private/var/www/committee/thinkphp/lang/zh-cn.php
[ info ] [ ROUTE ] array (
  'type' => 'module',
  'module' => 
  array (
    0 => 'admin',
    1 => 'index',
    2 => 'main',
  ),
)
[ info ] [ HEADER ] array (
  'cookie' => 'PHPSESSID=730ff275e4f4d895b796e9dc6aeaf2ac; UM_distinctid=1695809ee4c46a-01d6761971d888-36667905-fa000-1695809ee4d9fb; CNZZDATA1274002528=309914806-1551960239-%7C1551960239',
  'accept-language' => 'zh-CN,zh;q=0.9',
  'accept-encoding' => 'gzip, deflate',
  'referer' => 'http://wx.com/admin/',
  'accept' => 'text/html,application/xhtml+xml,application/xml;q=0.9,image/webp,image/apng,*/*;q=0.8',
  'user-agent' => 'Mozilla/5.0 (Macintosh; Intel Mac OS X 10_14_3) AppleWebKit/537.36 (KHTML, like Gecko) Chrome/72.0.3626.121 Safari/537.36',
  'upgrade-insecure-requests' => '1',
  'connection' => 'keep-alive',
  'host' => 'wx.com',
  'content-length' => '',
  'content-type' => '',
)
[ info ] [ PARAM ] array (
)
[ info ] [ SESSION ] INIT array (
  'id' => '',
  'var_session_id' => '',
  'prefix' => 'think',
  'type' => '',
  'auto_start' => true,
)
[ info ] [ DB ] INIT mysql
[ info ] [ RUN ] app\admin\controller\Index->main[ /private/var/www/committee/application/admin/controller/Index.php ]
[ info ] [ VIEW ] /private/var/www/committee/application/admin/view/index/main.html [ array (
  0 => 'siteurl',
  1 => 'visittime',
  2 => 'pvvisit',
  3 => 'sys_info',
) ]
[ info ] [ LOG ] INIT File
[ sql ] [ DB ] CONNECT:[ UseTime:0.001348s ] mysql:host=127.0.0.1;port=3306;dbname=hldahui;charset=utf8
[ sql ] [ SQL ] SHOW COLUMNS FROM `md_config` [ RunTime:0.001313s ]
[ sql ] [ SQL ] SELECT `url` FROM `md_config` WHERE  `id` = 1 LIMIT 1 [ RunTime:0.001046s ]
[ sql ] [ SQL ] SELECT COUNT(*) as num,FROM_UNIXTIME(addtime,'%Y-%m-%d') as gap from md_user group by gap [ RunTime:0.002319s ]
[ sql ] [ SQL ] SELECT VERSION() as version [ RunTime:0.000348s ]
[ sql ] [ SQL ] SHOW COLUMNS FROM `md_user` [ RunTime:0.001559s ]
[ sql ] [ SQL ] SELECT COUNT(*) AS tp_count FROM `md_user` LIMIT 1 [ RunTime:0.001214s ]
---------------------------------------------------------------
[ 2019-03-07T21:26:12+08:00 ] 127.0.0.1 127.0.0.1 GET /admin/index/menu
[ info ] wx.com/admin/index/menu [运行时间：0.062547s][吞吐率：15.99req/s] [内存消耗：3,401.41kb] [文件加载：54]
[ info ] [ LANG ] /private/var/www/committee/thinkphp/lang/zh-cn.php
[ info ] [ ROUTE ] array (
  'type' => 'module',
  'module' => 
  array (
    0 => 'admin',
    1 => 'index',
    2 => 'menu',
  ),
)
[ info ] [ HEADER ] array (
  'cookie' => 'PHPSESSID=730ff275e4f4d895b796e9dc6aeaf2ac; UM_distinctid=1695809ee4c46a-01d6761971d888-36667905-fa000-1695809ee4d9fb; CNZZDATA1274002528=309914806-1551960239-%7C1551960239',
  'accept-language' => 'zh-CN,zh;q=0.9',
  'accept-encoding' => 'gzip, deflate',
  'referer' => 'http://wx.com/admin/',
  'user-agent' => 'Mozilla/5.0 (Macintosh; Intel Mac OS X 10_14_3) AppleWebKit/537.36 (KHTML, like Gecko) Chrome/72.0.3626.121 Safari/537.36',
  'x-requested-with' => 'XMLHttpRequest',
  'accept' => 'application/json, text/javascript, */*; q=0.01',
  'connection' => 'keep-alive',
  'host' => 'wx.com',
  'content-length' => '',
  'content-type' => '',
)
[ info ] [ PARAM ] array (
)
[ info ] [ SESSION ] INIT array (
  'id' => '',
  'var_session_id' => '',
  'prefix' => 'think',
  'type' => '',
  'auto_start' => true,
)
[ info ] [ DB ] INIT mysql
[ info ] [ RUN ] app\admin\controller\Index->menu[ /private/var/www/committee/application/admin/controller/Index.php ]
[ info ] [ LOG ] INIT File
[ sql ] [ DB ] CONNECT:[ UseTime:0.000480s ] mysql:host=127.0.0.1;port=3306;dbname=hldahui;charset=utf8
[ sql ] [ SQL ] SHOW COLUMNS FROM `md_config` [ RunTime:0.000803s ]
[ sql ] [ SQL ] SELECT `url` FROM `md_config` WHERE  `id` = 1 LIMIT 1 [ RunTime:0.000911s ]
---------------------------------------------------------------
[ 2019-03-07T21:26:18+08:00 ] 127.0.0.1 127.0.0.1 GET /admin/photo/index/type/4
[ info ] wx.com/admin/photo/index/type/4 [运行时间：0.122105s][吞吐率：8.19req/s] [内存消耗：3,883.70kb] [文件加载：61]
[ info ] [ LANG ] /private/var/www/committee/thinkphp/lang/zh-cn.php
[ info ] [ ROUTE ] array (
  'type' => 'module',
  'module' => 
  array (
    0 => 'admin',
    1 => 'photo',
    2 => 'index',
  ),
)
[ info ] [ HEADER ] array (
  'cookie' => 'PHPSESSID=730ff275e4f4d895b796e9dc6aeaf2ac; UM_distinctid=1695809ee4c46a-01d6761971d888-36667905-fa000-1695809ee4d9fb; CNZZDATA1274002528=309914806-1551960239-%7C1551960239',
  'accept-language' => 'zh-CN,zh;q=0.9',
  'accept-encoding' => 'gzip, deflate',
  'referer' => 'http://wx.com/admin/',
  'accept' => 'text/html,application/xhtml+xml,application/xml;q=0.9,image/webp,image/apng,*/*;q=0.8',
  'user-agent' => 'Mozilla/5.0 (Macintosh; Intel Mac OS X 10_14_3) AppleWebKit/537.36 (KHTML, like Gecko) Chrome/72.0.3626.121 Safari/537.36',
  'upgrade-insecure-requests' => '1',
  'connection' => 'keep-alive',
  'host' => 'wx.com',
  'content-length' => '',
  'content-type' => '',
)
[ info ] [ PARAM ] array (
  'type' => '4',
)
[ info ] [ SESSION ] INIT array (
  'id' => '',
  'var_session_id' => '',
  'prefix' => 'think',
  'type' => '',
  'auto_start' => true,
)
[ info ] [ DB ] INIT mysql
[ info ] [ RUN ] app\admin\controller\Photo->index[ /private/var/www/committee/application/admin/controller/Photo.php ]
[ info ] [ VIEW ] /private/var/www/committee/application/admin/view/photo/index.html [ array (
  0 => 'siteurl',
  1 => 'list',
  2 => 'pager',
  3 => 'type',
) ]
[ info ] [ LOG ] INIT File
[ sql ] [ DB ] CONNECT:[ UseTime:0.000580s ] mysql:host=127.0.0.1;port=3306;dbname=hldahui;charset=utf8
[ sql ] [ SQL ] SHOW COLUMNS FROM `md_config` [ RunTime:0.001090s ]
[ sql ] [ SQL ] SELECT `url` FROM `md_config` WHERE  `id` = 1 LIMIT 1 [ RunTime:0.001874s ]
[ sql ] [ SQL ] SHOW COLUMNS FROM `md_photo` [ RunTime:0.001196s ]
[ sql ] [ SQL ] SELECT COUNT(*) AS tp_count FROM `md_photo` WHERE  `cat_id` = 4 LIMIT 1 [ RunTime:0.001392s ]
[ sql ] [ SQL ] SELECT `photo`.`id`,`photo`.`cat_id`,`photo`.`title`,`photo`.`description`,`photo`.`thumb`,`photo`.`content`,`photo`.`is_show`,`photo`.`is_hot`,`photo`.`is_recommend`,`photo`.`rank`,`photo`.`addtime`,`category`.`cat_id`,`category`.`cat_name` FROM `md_photo` `photo` INNER JOIN `md_category` `category` ON `photo`.`cat_id`=`category`.`cat_id` WHERE  `category`.`cat_id` = '4' ORDER BY `photo`.`rank`  desc LIMIT 0,21 [ RunTime:0.000650s ]
---------------------------------------------------------------
[ 2019-03-07T21:26:20+08:00 ] 127.0.0.1 127.0.0.1 GET /admin/photo/addphoto/type/4
[ info ] wx.com/admin/photo/addphoto/type/4 [运行时间：0.066144s][吞吐率：15.12req/s] [内存消耗：3,744.55kb] [文件加载：58]
[ info ] [ LANG ] /private/var/www/committee/thinkphp/lang/zh-cn.php
[ info ] [ ROUTE ] array (
  'type' => 'module',
  'module' => 
  array (
    0 => 'admin',
    1 => 'photo',
    2 => 'addphoto',
  ),
)
[ info ] [ HEADER ] array (
  'cookie' => 'PHPSESSID=730ff275e4f4d895b796e9dc6aeaf2ac; UM_distinctid=1695809ee4c46a-01d6761971d888-36667905-fa000-1695809ee4d9fb; CNZZDATA1274002528=309914806-1551960239-%7C1551960239',
  'accept-language' => 'zh-CN,zh;q=0.9',
  'accept-encoding' => 'gzip, deflate',
  'referer' => 'http://wx.com/admin/photo/index/type/4',
  'accept' => 'text/html,application/xhtml+xml,application/xml;q=0.9,image/webp,image/apng,*/*;q=0.8',
  'user-agent' => 'Mozilla/5.0 (Macintosh; Intel Mac OS X 10_14_3) AppleWebKit/537.36 (KHTML, like Gecko) Chrome/72.0.3626.121 Safari/537.36',
  'upgrade-insecure-requests' => '1',
  'connection' => 'keep-alive',
  'host' => 'wx.com',
  'content-length' => '',
  'content-type' => '',
)
[ info ] [ PARAM ] array (
  'type' => '4',
)
[ info ] [ SESSION ] INIT array (
  'id' => '',
  'var_session_id' => '',
  'prefix' => 'think',
  'type' => '',
  'auto_start' => true,
)
[ info ] [ DB ] INIT mysql
[ info ] [ RUN ] app\admin\controller\Photo->addphoto[ /private/var/www/committee/application/admin/controller/Photo.php ]
[ info ] [ VIEW ] /private/var/www/committee/application/admin/view/photo/addphoto.html [ array (
  0 => 'siteurl',
  1 => 'curdate',
  2 => 'cat_list',
  3 => 'type',
) ]
[ info ] [ LOG ] INIT File
[ sql ] [ DB ] CONNECT:[ UseTime:0.000516s ] mysql:host=127.0.0.1;port=3306;dbname=hldahui;charset=utf8
[ sql ] [ SQL ] SHOW COLUMNS FROM `md_config` [ RunTime:0.000814s ]
[ sql ] [ SQL ] SELECT `url` FROM `md_config` WHERE  `id` = 1 LIMIT 1 [ RunTime:0.000445s ]
[ sql ] [ SQL ] SHOW COLUMNS FROM `md_category` [ RunTime:0.000763s ]
[ sql ] [ SQL ] SELECT * FROM `md_category` WHERE  (  mod_id = 2 and parent_id = 0 ) [ RunTime:0.000504s ]
---------------------------------------------------------------
[ 2019-03-07T21:26:21+08:00 ] 127.0.0.1 127.0.0.1 GET /category/getCategory/parent_id/4
[ info ] wx.com/category/getCategory/parent_id/4 [运行时间：0.101509s][吞吐率：9.85req/s] [内存消耗：2,021.02kb] [文件加载：39]
[ info ] [ LANG ] /private/var/www/committee/thinkphp/lang/zh-cn.php
[ info ] [ ROUTE ] array (
  'type' => 'module',
  'module' => 
  array (
    0 => 'category',
    1 => 'getCategory',
    2 => 'parent_id',
  ),
)
[ info ] [ HEADER ] array (
  'cookie' => 'PHPSESSID=730ff275e4f4d895b796e9dc6aeaf2ac; UM_distinctid=1695809ee4c46a-01d6761971d888-36667905-fa000-1695809ee4d9fb; CNZZDATA1274002528=309914806-1551960239-%7C1551960239',
  'accept-language' => 'zh-CN,zh;q=0.9',
  'accept-encoding' => 'gzip, deflate',
  'referer' => 'http://wx.com/admin/photo/addphoto/type/4',
  'user-agent' => 'Mozilla/5.0 (Macintosh; Intel Mac OS X 10_14_3) AppleWebKit/537.36 (KHTML, like Gecko) Chrome/72.0.3626.121 Safari/537.36',
  'x-requested-with' => 'XMLHttpRequest',
  'accept' => '*/*',
  'connection' => 'keep-alive',
  'host' => 'wx.com',
  'content-length' => '',
  'content-type' => '',
)
[ info ] [ PARAM ] array (
)
[ info ] [ LOG ] INIT File
---------------------------------------------------------------
[ 2019-03-07T22:06:27+08:00 ] 127.0.0.1 127.0.0.1 GET /admin/
[ info ] wx.com/admin/ [运行时间：0.119399s][吞吐率：8.38req/s] [内存消耗：3,511.43kb] [文件加载：56]
[ info ] [ LANG ] /private/var/www/committee/thinkphp/lang/zh-cn.php
[ info ] [ ROUTE ] array (
  'type' => 'module',
  'module' => 
  array (
    0 => 'admin',
    1 => NULL,
    2 => NULL,
  ),
)
[ info ] [ HEADER ] array (
  'cookie' => 'PHPSESSID=730ff275e4f4d895b796e9dc6aeaf2ac; UM_distinctid=1695809ee4c46a-01d6761971d888-36667905-fa000-1695809ee4d9fb; CNZZDATA1274002528=309914806-1551960239-%7C1551960239',
  'accept-language' => 'zh-CN,zh;q=0.9',
  'accept-encoding' => 'gzip, deflate',
  'accept' => 'text/html,application/xhtml+xml,application/xml;q=0.9,image/webp,image/apng,*/*;q=0.8',
  'user-agent' => 'Mozilla/5.0 (Macintosh; Intel Mac OS X 10_14_3) AppleWebKit/537.36 (KHTML, like Gecko) Chrome/72.0.3626.121 Safari/537.36',
  'upgrade-insecure-requests' => '1',
  'cache-control' => 'max-age=0',
  'connection' => 'keep-alive',
  'host' => 'wx.com',
  'content-length' => '',
  'content-type' => '',
)
[ info ] [ PARAM ] array (
)
[ info ] [ SESSION ] INIT array (
  'id' => '',
  'var_session_id' => '',
  'prefix' => 'think',
  'type' => '',
  'auto_start' => true,
)
[ info ] [ DB ] INIT mysql
[ info ] [ RUN ] app\admin\controller\Index->index[ /private/var/www/committee/application/admin/controller/Index.php ]
[ info ] [ VIEW ] /private/var/www/committee/application/admin/view/index/index.html [ array (
  0 => 'siteurl',
  1 => 'admin_info',
) ]
[ info ] [ LOG ] INIT File
[ sql ] [ DB ] CONNECT:[ UseTime:0.000794s ] mysql:host=127.0.0.1;port=3306;dbname=hldahui;charset=utf8
[ sql ] [ SQL ] SHOW COLUMNS FROM `md_config` [ RunTime:0.001487s ]
[ sql ] [ SQL ] SELECT `url` FROM `md_config` WHERE  `id` = 1 LIMIT 1 [ RunTime:0.000697s ]
[ sql ] [ SQL ] SHOW COLUMNS FROM `md_admin` [ RunTime:0.001152s ]
[ sql ] [ SQL ] SELECT * FROM `md_admin` WHERE  `admin_id` = 99 LIMIT 1 [ RunTime:0.000562s ]
---------------------------------------------------------------
[ 2019-03-07T22:06:28+08:00 ] 127.0.0.1 127.0.0.1 GET /admin/index/main
[ info ] wx.com/admin/index/main [运行时间：0.151680s][吞吐率：6.59req/s] [内存消耗：3,427.98kb] [文件加载：55]
[ info ] [ LANG ] /private/var/www/committee/thinkphp/lang/zh-cn.php
[ info ] [ ROUTE ] array (
  'type' => 'module',
  'module' => 
  array (
    0 => 'admin',
    1 => 'index',
    2 => 'main',
  ),
)
[ info ] [ HEADER ] array (
  'cookie' => 'PHPSESSID=730ff275e4f4d895b796e9dc6aeaf2ac; UM_distinctid=1695809ee4c46a-01d6761971d888-36667905-fa000-1695809ee4d9fb; CNZZDATA1274002528=309914806-1551960239-%7C1551960239',
  'accept-language' => 'zh-CN,zh;q=0.9',
  'accept-encoding' => 'gzip, deflate',
  'referer' => 'http://wx.com/admin/',
  'accept' => 'text/html,application/xhtml+xml,application/xml;q=0.9,image/webp,image/apng,*/*;q=0.8',
  'user-agent' => 'Mozilla/5.0 (Macintosh; Intel Mac OS X 10_14_3) AppleWebKit/537.36 (KHTML, like Gecko) Chrome/72.0.3626.121 Safari/537.36',
  'upgrade-insecure-requests' => '1',
  'connection' => 'keep-alive',
  'host' => 'wx.com',
  'content-length' => '',
  'content-type' => '',
)
[ info ] [ PARAM ] array (
)
[ info ] [ SESSION ] INIT array (
  'id' => '',
  'var_session_id' => '',
  'prefix' => 'think',
  'type' => '',
  'auto_start' => true,
)
[ info ] [ DB ] INIT mysql
[ info ] [ RUN ] app\admin\controller\Index->main[ /private/var/www/committee/application/admin/controller/Index.php ]
[ info ] [ VIEW ] /private/var/www/committee/application/admin/view/index/main.html [ array (
  0 => 'siteurl',
  1 => 'visittime',
  2 => 'pvvisit',
  3 => 'sys_info',
) ]
[ info ] [ LOG ] INIT File
[ sql ] [ DB ] CONNECT:[ UseTime:0.003108s ] mysql:host=127.0.0.1;port=3306;dbname=hldahui;charset=utf8
[ sql ] [ SQL ] SHOW COLUMNS FROM `md_config` [ RunTime:0.003273s ]
[ sql ] [ SQL ] SELECT `url` FROM `md_config` WHERE  `id` = 1 LIMIT 1 [ RunTime:0.000480s ]
[ sql ] [ SQL ] SELECT COUNT(*) as num,FROM_UNIXTIME(addtime,'%Y-%m-%d') as gap from md_user group by gap [ RunTime:0.001859s ]
[ sql ] [ SQL ] SELECT VERSION() as version [ RunTime:0.000469s ]
[ sql ] [ SQL ] SHOW COLUMNS FROM `md_user` [ RunTime:0.002694s ]
[ sql ] [ SQL ] SELECT COUNT(*) AS tp_count FROM `md_user` LIMIT 1 [ RunTime:0.001027s ]
---------------------------------------------------------------
[ 2019-03-07T22:06:28+08:00 ] 127.0.0.1 127.0.0.1 GET /admin/index/menu
[ info ] wx.com/admin/index/menu [运行时间：0.061563s][吞吐率：16.24req/s] [内存消耗：3,401.72kb] [文件加载：54]
[ info ] [ LANG ] /private/var/www/committee/thinkphp/lang/zh-cn.php
[ info ] [ ROUTE ] array (
  'type' => 'module',
  'module' => 
  array (
    0 => 'admin',
    1 => 'index',
    2 => 'menu',
  ),
)
[ info ] [ HEADER ] array (
  'cookie' => 'PHPSESSID=730ff275e4f4d895b796e9dc6aeaf2ac; UM_distinctid=1695809ee4c46a-01d6761971d888-36667905-fa000-1695809ee4d9fb; CNZZDATA1274002528=309914806-1551960239-%7C1551960239',
  'accept-language' => 'zh-CN,zh;q=0.9',
  'accept-encoding' => 'gzip, deflate',
  'referer' => 'http://wx.com/admin/',
  'user-agent' => 'Mozilla/5.0 (Macintosh; Intel Mac OS X 10_14_3) AppleWebKit/537.36 (KHTML, like Gecko) Chrome/72.0.3626.121 Safari/537.36',
  'x-requested-with' => 'XMLHttpRequest',
  'accept' => 'application/json, text/javascript, */*; q=0.01',
  'connection' => 'keep-alive',
  'host' => 'wx.com',
  'content-length' => '',
  'content-type' => '',
)
[ info ] [ PARAM ] array (
)
[ info ] [ SESSION ] INIT array (
  'id' => '',
  'var_session_id' => '',
  'prefix' => 'think',
  'type' => '',
  'auto_start' => true,
)
[ info ] [ DB ] INIT mysql
[ info ] [ RUN ] app\admin\controller\Index->menu[ /private/var/www/committee/application/admin/controller/Index.php ]
[ info ] [ LOG ] INIT File
[ sql ] [ DB ] CONNECT:[ UseTime:0.000498s ] mysql:host=127.0.0.1;port=3306;dbname=hldahui;charset=utf8
[ sql ] [ SQL ] SHOW COLUMNS FROM `md_config` [ RunTime:0.001021s ]
[ sql ] [ SQL ] SELECT `url` FROM `md_config` WHERE  `id` = 1 LIMIT 1 [ RunTime:0.000392s ]
